  gameBuildings.cpp
  gameCollection.cpp
  gameControl.cpp
C:\GameProject\CSC3002Project\gameControl.cpp(39,18): warning C4244: “初始化”: 从“double”转换到“int”，可能丢失数据
C:\GameProject\CSC3002Project\gameControl.cpp(86,46): warning C4244: “=”: 从“double”转换到“int”，可能丢失数据
C:\GameProject\CSC3002Project\gameControl.cpp(87,46): warning C4244: “=”: 从“double”转换到“int”，可能丢失数据
  gameLogic.cpp
  gameRender.cpp
C:\GameProject\CSC3002Project\gameRender.cpp(119,38): warning C4244: “=”: 从“double”转换到“int”，可能丢失数据
C:\GameProject\CSC3002Project\gameRender.cpp(120,39): warning C4244: “=”: 从“double”转换到“int”，可能丢失数据
C:\GameProject\CSC3002Project\gameRender.cpp(121,36): warning C4244: “=”: 从“double”转换到“int”，可能丢失数据
C:\GameProject\CSC3002Project\gameRender.cpp(122,36): warning C4244: “=”: 从“double”转换到“int”，可能丢失数据
C:\GameProject\CSC3002Project\gameRender.cpp(140,12): warning C4244: “初始化”: 从“double”转换到“int”，可能丢失数据
C:\GameProject\CSC3002Project\gameRender.cpp(141,12): warning C4244: “初始化”: 从“double”转换到“int”，可能丢失数据
C:\GameProject\CSC3002Project\gameRender.cpp(146,63): warning C4244: “=”: 从“double”转换到“int”，可能丢失数据
C:\GameProject\CSC3002Project\gameRender.cpp(148,79): warning C4244: “=”: 从“double”转换到“int”，可能丢失数据
C:\GameProject\CSC3002Project\gameRender.cpp(177,16): warning C4244: “初始化”: 从“double”转换到“float”，可能丢失数据
C:\GameProject\CSC3002Project\gameRender.cpp(178,16): warning C4244: “初始化”: 从“double”转换到“float”，可能丢失数据
C:\GameProject\CSC3002Project\gameRender.cpp(183,12): warning C4244: “初始化”: 从“double”转换到“int”，可能丢失数据
C:\GameProject\CSC3002Project\gameRender.cpp(184,12): warning C4244: “初始化”: 从“double”转换到“int”，可能丢失数据
C:\GameProject\CSC3002Project\gameRender.cpp(185,37): warning C4244: “=”: 从“double”转换到“int”，可能丢失数据
C:\GameProject\CSC3002Project\gameRender.cpp(186,39): warning C4244: “=”: 从“double”转换到“int”，可能丢失数据
C:\GameProject\CSC3002Project\gameRender.cpp(195,47): warning C4244: “=”: 从“double”转换到“int”，可能丢失数据
C:\GameProject\CSC3002Project\gameRender.cpp(224,12): warning C4244: “初始化”: 从“double”转换到“int”，可能丢失数据
C:\GameProject\CSC3002Project\gameRender.cpp(225,12): warning C4244: “初始化”: 从“double”转换到“int”，可能丢失数据
C:\GameProject\CSC3002Project\gameRender.cpp(229,54): warning C4244: “=”: 从“double”转换到“int”，可能丢失数据
C:\GameProject\CSC3002Project\gameRender.cpp(267,81): warning C4244: “参数”: 从“double”转换到“int”，可能丢失数据
C:\GameProject\CSC3002Project\gameRender.cpp(267,41): warning C4244: “参数”: 从“double”转换到“int”，可能丢失数据
C:\GameProject\CSC3002Project\gameRender.cpp(284,102): warning C4244: “参数”: 从“double”转换到“int”，可能丢失数据
C:\GameProject\CSC3002Project\gameRender.cpp(284,55): warning C4244: “参数”: 从“double”转换到“int”，可能丢失数据
C:\GameProject\CSC3002Project\gameRender.cpp(291,85): warning C4244: “参数”: 从“double”转换到“int”，可能丢失数据
C:\GameProject\CSC3002Project\gameRender.cpp(291,45): warning C4244: “参数”: 从“double”转换到“int”，可能丢失数据
C:\GameProject\CSC3002Project\gameRender.cpp(299,85): warning C4244: “参数”: 从“double”转换到“int”，可能丢失数据
C:\GameProject\CSC3002Project\gameRender.cpp(299,45): warning C4244: “参数”: 从“double”转换到“int”，可能丢失数据
C:\GameProject\CSC3002Project\gameRender.cpp(302,85): warning C4244: “参数”: 从“double”转换到“int”，可能丢失数据
C:\GameProject\CSC3002Project\gameRender.cpp(302,45): warning C4244: “参数”: 从“double”转换到“int”，可能丢失数据
C:\GameProject\CSC3002Project\gameRender.cpp(305,99): warning C4244: “参数”: 从“double”转换到“int”，可能丢失数据
C:\GameProject\CSC3002Project\gameRender.cpp(305,54): warning C4244: “参数”: 从“double”转换到“int”，可能丢失数据
C:\GameProject\CSC3002Project\gameRender.cpp(310,99): warning C4244: “参数”: 从“double”转换到“int”，可能丢失数据
C:\GameProject\CSC3002Project\gameRender.cpp(310,54): warning C4244: “参数”: 从“double”转换到“int”，可能丢失数据
C:\GameProject\CSC3002Project\gameRender.cpp(314,85): warning C4244: “参数”: 从“double”转换到“int”，可能丢失数据
C:\GameProject\CSC3002Project\gameRender.cpp(314,45): warning C4244: “参数”: 从“double”转换到“int”，可能丢失数据
C:\GameProject\CSC3002Project\gameRender.cpp(316,85): warning C4244: “参数”: 从“double”转换到“int”，可能丢失数据
C:\GameProject\CSC3002Project\gameRender.cpp(316,45): warning C4244: “参数”: 从“double”转换到“int”，可能丢失数据
C:\GameProject\CSC3002Project\gameRender.cpp(328,19): warning C4244: “初始化”: 从“double”转换到“int”，可能丢失数据
C:\GameProject\CSC3002Project\gameRender.cpp(329,19): warning C4244: “初始化”: 从“double”转换到“int”，可能丢失数据
C:\GameProject\CSC3002Project\gameRender.cpp(335,27): warning C4244: “=”: 从“double”转换到“int”，可能丢失数据
C:\GameProject\CSC3002Project\gameRender.cpp(336,39): warning C4244: “+=”: 从“double”转换到“int”，可能丢失数据
C:\GameProject\CSC3002Project\gameRender.cpp(337,39): warning C4244: “-=”: 从“double”转换到“int”，可能丢失数据
C:\GameProject\CSC3002Project\gameRender.cpp(338,40): warning C4244: “+=”: 从“double”转换到“int”，可能丢失数据
C:\GameProject\CSC3002Project\gameRender.cpp(360,19): warning C4244: “初始化”: 从“double”转换到“int”，可能丢失数据
C:\GameProject\CSC3002Project\gameRender.cpp(361,19): warning C4244: “初始化”: 从“double”转换到“int”，可能丢失数据
C:\GameProject\CSC3002Project\gameRender.cpp(363,27): warning C4244: “=”: 从“double”转换到“int”，可能丢失数据
C:\GameProject\CSC3002Project\gameRender.cpp(364,39): warning C4244: “+=”: 从“double”转换到“int”，可能丢失数据
C:\GameProject\CSC3002Project\gameRender.cpp(365,39): warning C4244: “-=”: 从“double”转换到“int”，可能丢失数据
C:\GameProject\CSC3002Project\gameRender.cpp(366,40): warning C4244: “+=”: 从“double”转换到“int”，可能丢失数据
C:\GameProject\CSC3002Project\gameRender.cpp(386,19): warning C4244: “初始化”: 从“double”转换到“int”，可能丢失数据
C:\GameProject\CSC3002Project\gameRender.cpp(387,19): warning C4244: “初始化”: 从“double”转换到“int”，可能丢失数据
C:\GameProject\CSC3002Project\gameRender.cpp(389,27): warning C4244: “=”: 从“double”转换到“int”，可能丢失数据
C:\GameProject\CSC3002Project\gameRender.cpp(390,39): warning C4244: “+=”: 从“double”转换到“int”，可能丢失数据
C:\GameProject\CSC3002Project\gameRender.cpp(391,39): warning C4244: “-=”: 从“double”转换到“int”，可能丢失数据
C:\GameProject\CSC3002Project\gameRender.cpp(392,40): warning C4244: “+=”: 从“double”转换到“int”，可能丢失数据
C:\GameProject\CSC3002Project\gameRender.cpp(410,19): warning C4244: “初始化”: 从“double”转换到“int”，可能丢失数据
C:\GameProject\CSC3002Project\gameRender.cpp(411,19): warning C4244: “初始化”: 从“double”转换到“int”，可能丢失数据
C:\GameProject\CSC3002Project\gameRender.cpp(414,27): warning C4244: “=”: 从“double”转换到“int”，可能丢失数据
C:\GameProject\CSC3002Project\gameRender.cpp(414,71): warning C4244: “=”: 从“double”转换到“int”，可能丢失数据
C:\GameProject\CSC3002Project\gameRender.cpp(415,39): warning C4244: “+=”: 从“double”转换到“int”，可能丢失数据
C:\GameProject\CSC3002Project\gameRender.cpp(415,71): warning C4244: “=”: 从“double”转换到“int”，可能丢失数据
C:\GameProject\CSC3002Project\gameRender.cpp(416,39): warning C4244: “-=”: 从“double”转换到“int”，可能丢失数据
C:\GameProject\CSC3002Project\gameRender.cpp(416,71): warning C4244: “=”: 从“double”转换到“int”，可能丢失数据
C:\GameProject\CSC3002Project\gameRender.cpp(417,40): warning C4244: “+=”: 从“double”转换到“int”，可能丢失数据
C:\GameProject\CSC3002Project\gameRender.cpp(417,71): warning C4244: “=”: 从“double”转换到“int”，可能丢失数据
C:\GameProject\CSC3002Project\gameRender.cpp(437,19): warning C4244: “初始化”: 从“double”转换到“int”，可能丢失数据
C:\GameProject\CSC3002Project\gameRender.cpp(438,19): warning C4244: “初始化”: 从“double”转换到“int”，可能丢失数据
C:\GameProject\CSC3002Project\gameRender.cpp(441,27): warning C4244: “=”: 从“double”转换到“int”，可能丢失数据
C:\GameProject\CSC3002Project\gameRender.cpp(441,76): warning C4244: “=”: 从“double”转换到“int”，可能丢失数据
C:\GameProject\CSC3002Project\gameRender.cpp(442,39): warning C4244: “+=”: 从“double”转换到“int”，可能丢失数据
C:\GameProject\CSC3002Project\gameRender.cpp(442,70): warning C4244: “=”: 从“double”转换到“int”，可能丢失数据
C:\GameProject\CSC3002Project\gameRender.cpp(443,39): warning C4244: “-=”: 从“double”转换到“int”，可能丢失数据
C:\GameProject\CSC3002Project\gameRender.cpp(443,70): warning C4244: “=”: 从“double”转换到“int”，可能丢失数据
C:\GameProject\CSC3002Project\gameRender.cpp(444,40): warning C4244: “+=”: 从“double”转换到“int”，可能丢失数据
C:\GameProject\CSC3002Project\gameRender.cpp(444,78): warning C4244: “=”: 从“double”转换到“int”，可能丢失数据
C:\GameProject\CSC3002Project\gameRender.cpp(341,17): warning C4101: “spANDcl”: 未引用的局部变量
C:\GameProject\CSC3002Project\gameRender.cpp(495,18): warning C4244: “初始化”: 从“double”转换到“int”，可能丢失数据
C:\GameProject\CSC3002Project\gameRender.cpp(500,66): warning C4244: “参数”: 从“double”转换到“int”，可能丢失数据
C:\GameProject\CSC3002Project\gameRender.cpp(500,31): warning C4244: “参数”: 从“double”转换到“int”，可能丢失数据
C:\GameProject\CSC3002Project\gameRender.cpp(501,78): warning C4244: “参数”: 从“double”转换到“int”，可能丢失数据
C:\GameProject\CSC3002Project\gameRender.cpp(501,31): warning C4244: “参数”: 从“double”转换到“int”，可能丢失数据
C:\GameProject\CSC3002Project\gameRender.cpp(503,55): warning C4244: “参数”: 从“double”转换到“int”，可能丢失数据
C:\GameProject\CSC3002Project\gameRender.cpp(503,30): warning C4244: “参数”: 从“double”转换到“int”，可能丢失数据
C:\GameProject\CSC3002Project\gameRender.cpp(505,57): warning C4244: “参数”: 从“double”转换到“int”，可能丢失数据
C:\GameProject\CSC3002Project\gameRender.cpp(505,32): warning C4244: “参数”: 从“double”转换到“int”，可能丢失数据
C:\GameProject\CSC3002Project\gameRender.cpp(507,59): warning C4244: “参数”: 从“double”转换到“int”，可能丢失数据
C:\GameProject\CSC3002Project\gameRender.cpp(507,34): warning C4244: “参数”: 从“double”转换到“int”，可能丢失数据
C:\GameProject\CSC3002Project\gameRender.cpp(558,39): warning C4244: “=”: 从“double”转换到“int”，可能丢失数据
C:\GameProject\CSC3002Project\gameRender.cpp(559,70): warning C4244: “=”: 从“double”转换到“int”，可能丢失数据
C:\GameProject\CSC3002Project\gameRender.cpp(560,37): warning C4244: “=”: 从“double”转换到“int”，可能丢失数据
C:\GameProject\CSC3002Project\gameRender.cpp(561,67): warning C4244: “=”: 从“double”转换到“int”，可能丢失数据
  main.cpp
C:\GameProject\CSC3002Project\main.cpp(88,19): warning C4244: “初始化”: 从“__int64”转换到“int”，可能丢失数据
C:\GameProject\CSC3002Project\main.cpp(88,43): warning C4244: “初始化”: 从“__int64”转换到“int”，可能丢失数据
C:\GameProject\CSC3002Project\main.cpp(96,29): warning C4244: “=”: 从“__int64”转换到“int”，可能丢失数据
  正在生成代码...
C:\GameProject\CSC3002Project\gameBuildings.cpp(96,1): warning C4715: “Cutter::getSubx”: 不是所有的控件路径都返回值
C:\GameProject\CSC3002Project\gameBuildings.cpp(109,1): warning C4715: “Cutter::getSuby”: 不是所有的控件路径都返回值
C:\GameProject\CSC3002Project\gameBuildings.cpp(187,1): warning C4715: “Composer::getSuby”: 不是所有的控件路径都返回值
C:\GameProject\CSC3002Project\gameBuildings.cpp(174,1): warning C4715: “Composer::getSubx”: 不是所有的控件路径都返回值
  CSC3002Project.vcxproj -> C:\GameProject\CSC3002Project\x64\Debug\CSC3002Project.exe
